<?xml version="1.0" encoding="UTF-8" ?>
<testsuite tests="10" failures="0" errors="0" skipped="0" time="0.049" name="file &quot;job_processor.app&quot;">
  <testcase time="0.000" name="job_processor_tests:0 basic_functionality_tests (Basic functionality tests)">
    <system-out>
    </system-out>
  </testcase>
  <testcase time="0.000" name="job_processor_tests:0 error_handling_tests (Error handling tests)">
    <system-out>
    </system-out>
  </testcase>
  <testcase time="0.000" name="job_processor_tests:0 edge_case_tests (Edge case tests)">
    <system-out>
    </system-out>
  </testcase>
  <testcase time="0.000" name="job_processor_tests:0 response_format_tests (Response format tests)">
    <system-out>
    </system-out>
  </testcase>
  <testcase time="0.000" name="job_processor_handler_tests:0 request_routing_tests (Request routing tests)">
    <system-out>
    </system-out>
  </testcase>
  <testcase time="0.000" name="job_processor_handler_tests:0 content_negotiation_tests (Content negotiation tests)">
    <system-out>
    </system-out>
  </testcase>
  <testcase time="0.000" name="job_processor_handler_tests:0 error_handling_tests (Error handling tests)">
    <system-out>
    </system-out>
  </testcase>
  <testcase time="0.014" name="job_processor_helper_tests:0 pretty_print_success_test">
    <system-out>
==============================================================
                        SUCCESS!                             
==============================================================

Execution Order: hello

JSON Response:
{
  "tasks": [
    {
      "command": "echo 'Hello World!'",
      "name": "hello"
    }
  ]
}

Bash Script:
 1: #!/usr/bin/env bash
 2: echo 'Hello World!'


    </system-out>
  </testcase>
  <testcase time="0.000" name="job_processor_helper_tests:0 pretty_print_error_test">
    <system-out>
==============================================================
                         ERROR!                              
==============================================================

ERROR: Missing dependency: test


==============================================================
                         ERROR!                              
==============================================================

ERROR: Circular dependency detected


==============================================================
                         ERROR!                              
==============================================================

ERROR: Invalid JSON format


==============================================================
                         ERROR!                              
==============================================================

ERROR: Invalid task format


==============================================================
                         ERROR!                              
==============================================================

ERROR: Empty task list


==============================================================
                         ERROR!                              
==============================================================

ERROR: some_other_error


    </system-out>
  </testcase>
  <testcase time="0.000" name="job_processor_helper_tests:0 demo_test">
    <system-out>
==============================================================
                    Job Processor Demo                       
==============================================================

Processing example job...

==============================================================
                        SUCCESS!                             
==============================================================

Execution Order: task-1 -&gt; task-3 -&gt; task-2 -&gt; task-4

JSON Response:
{
  "tasks": [
    {
      "command": "touch /tmp/file1",
      "name": "task-1"
    },
    {
      "command": "echo 'Hello World!' &gt; /tmp/file1",
      "name": "task-3"
    },
    {
      "command": "cat /tmp/file1",
      "name": "task-2"
    },
    {
      "command": "rm /tmp/file1",
      "name": "task-4"
    }
  ]
}

Bash Script:
 1: #!/usr/bin/env bash
 2: touch /tmp/file1
 3: echo 'Hello World!' &gt; /tmp/file1
 4: cat /tmp/file1
 5: rm /tmp/file1

Try these commands:
   job_processor_helper:demo().
   job_processor_helper:pretty_print(job_processor:process_job(YourJson)).


    </system-out>
  </testcase>
</testsuite>
